The system is: Linux - 5.4.0-1080-aws - x86_64
Compiling the CXX compiler identification source file "CMakeCXXCompilerId.cpp" succeeded.
Compiler: /usr/bin/c++ 
Build flags: 
Id flags:  

The output was:
0


Compilation of the CXX compiler identification source "CMakeCXXCompilerId.cpp" produced "a.out"

The CXX compiler identification is GNU, found in "/home/ubuntu/sdk/sdk_build/CMakeFiles/3.20.6/CompilerIdCXX/a.out"

Detecting CXX compiler ABI info compiled with the following output:
Change Dir: /home/ubuntu/sdk/sdk_build/CMakeFiles/CMakeTmp

Run Build Command(s):/usr/bin/make -f Makefile cmTC_dbd9e/fast && /usr/bin/make  -f CMakeFiles/cmTC_dbd9e.dir/build.make CMakeFiles/cmTC_dbd9e.dir/build
make[1]: Entering directory '/home/ubuntu/sdk/sdk_build/CMakeFiles/CMakeTmp'
Building CXX object CMakeFiles/cmTC_dbd9e.dir/CMakeCXXCompilerABI.cpp.o
/usr/bin/c++   -v -o CMakeFiles/cmTC_dbd9e.dir/CMakeCXXCompilerABI.cpp.o -c /snap/cmake/930/share/cmake-3.20/Modules/CMakeCXXCompilerABI.cpp
Using built-in specs.
COLLECT_GCC=/usr/bin/c++
OFFLOAD_TARGET_NAMES=nvptx-none
OFFLOAD_TARGET_DEFAULT=1
Target: x86_64-linux-gnu
Configured with: ../src/configure -v --with-pkgversion='Ubuntu 7.5.0-3ubuntu1~18.04' --with-bugurl=file:///usr/share/doc/gcc-7/README.Bugs --enable-languages=c,ada,c++,go,brig,d,fortran,objc,obj-c++ --prefix=/usr --with-gcc-major-version-only --program-suffix=-7 --program-prefix=x86_64-linux-gnu- --enable-shared --enable-linker-build-id --libexecdir=/usr/lib --without-included-gettext --enable-threads=posix --libdir=/usr/lib --enable-nls --enable-bootstrap --enable-clocale=gnu --enable-libstdcxx-debug --enable-libstdcxx-time=yes --with-default-libstdcxx-abi=new --enable-gnu-unique-object --disable-vtable-verify --enable-libmpx --enable-plugin --enable-default-pie --with-system-zlib --with-target-system-zlib --enable-objc-gc=auto --enable-multiarch --disable-werror --with-arch-32=i686 --with-abi=m64 --with-multilib-list=m32,m64,mx32 --enable-multilib --with-tune=generic --enable-offload-targets=nvptx-none --without-cuda-driver --enable-checking=release --build=x86_64-linux-gnu --host=x86_64-linux-gnu --target=x86_64-linux-gnu
Thread model: posix
gcc version 7.5.0 (Ubuntu 7.5.0-3ubuntu1~18.04) 
COLLECT_GCC_OPTIONS='-v' '-o' 'CMakeFiles/cmTC_dbd9e.dir/CMakeCXXCompilerABI.cpp.o' '-c' '-shared-libgcc' '-mtune=generic' '-march=x86-64'
 /usr/lib/gcc/x86_64-linux-gnu/7/cc1plus -quiet -v -imultiarch x86_64-linux-gnu -D_GNU_SOURCE /snap/cmake/930/share/cmake-3.20/Modules/CMakeCXXCompilerABI.cpp -quiet -dumpbase CMakeCXXCompilerABI.cpp -mtune=generic -march=x86-64 -auxbase-strip CMakeFiles/cmTC_dbd9e.dir/CMakeCXXCompilerABI.cpp.o -version -fstack-protector-strong -Wformat -Wformat-security -o /tmp/ccP6LjVt.s
GNU C++14 (Ubuntu 7.5.0-3ubuntu1~18.04) version 7.5.0 (x86_64-linux-gnu)
	compiled by GNU C version 7.5.0, GMP version 6.1.2, MPFR version 4.0.1, MPC version 1.1.0, isl version isl-0.19-GMP

GGC heuristics: --param ggc-min-expand=100 --param ggc-min-heapsize=131072
ignoring duplicate directory "/usr/include/x86_64-linux-gnu/c++/7"
ignoring nonexistent directory "/usr/local/include/x86_64-linux-gnu"
ignoring nonexistent directory "/usr/lib/gcc/x86_64-linux-gnu/7/../../../../x86_64-linux-gnu/include"
#include "..." search starts here:
#include <...> search starts here:
 /usr/include/c++/7
 /usr/include/x86_64-linux-gnu/c++/7
 /usr/include/c++/7/backward
 /usr/lib/gcc/x86_64-linux-gnu/7/include
 /usr/local/include
 /usr/lib/gcc/x86_64-linux-gnu/7/include-fixed
 /usr/include/x86_64-linux-gnu
 /usr/include
End of search list.
GNU C++14 (Ubuntu 7.5.0-3ubuntu1~18.04) version 7.5.0 (x86_64-linux-gnu)
	compiled by GNU C version 7.5.0, GMP version 6.1.2, MPFR version 4.0.1, MPC version 1.1.0, isl version isl-0.19-GMP

GGC heuristics: --param ggc-min-expand=100 --param ggc-min-heapsize=131072
Compiler executable checksum: 3eb3dc290cd5714c3e1c3ae751116f07
COLLECT_GCC_OPTIONS='-v' '-o' 'CMakeFiles/cmTC_dbd9e.dir/CMakeCXXCompilerABI.cpp.o' '-c' '-shared-libgcc' '-mtune=generic' '-march=x86-64'
 as -v --64 -o CMakeFiles/cmTC_dbd9e.dir/CMakeCXXCompilerABI.cpp.o /tmp/ccP6LjVt.s
GNU assembler version 2.30 (x86_64-linux-gnu) using BFD version (GNU Binutils for Ubuntu) 2.30
COMPILER_PATH=/usr/lib/gcc/x86_64-linux-gnu/7/:/usr/lib/gcc/x86_64-linux-gnu/7/:/usr/lib/gcc/x86_64-linux-gnu/:/usr/lib/gcc/x86_64-linux-gnu/7/:/usr/lib/gcc/x86_64-linux-gnu/
LIBRARY_PATH=/usr/lib/gcc/x86_64-linux-gnu/7/:/usr/lib/gcc/x86_64-linux-gnu/7/../../../x86_64-linux-gnu/:/usr/lib/gcc/x86_64-linux-gnu/7/../../../../lib/:/lib/x86_64-linux-gnu/:/lib/../lib/:/usr/lib/x86_64-linux-gnu/:/usr/lib/../lib/:/usr/lib/gcc/x86_64-linux-gnu/7/../../../:/lib/:/usr/lib/
COLLECT_GCC_OPTIONS='-v' '-o' 'CMakeFiles/cmTC_dbd9e.dir/CMakeCXXCompilerABI.cpp.o' '-c' '-shared-libgcc' '-mtune=generic' '-march=x86-64'
Linking CXX executable cmTC_dbd9e
/snap/cmake/930/bin/cmake -E cmake_link_script CMakeFiles/cmTC_dbd9e.dir/link.txt --verbose=1
/usr/bin/c++  -v -rdynamic CMakeFiles/cmTC_dbd9e.dir/CMakeCXXCompilerABI.cpp.o -o cmTC_dbd9e 
Using built-in specs.
COLLECT_GCC=/usr/bin/c++
COLLECT_LTO_WRAPPER=/usr/lib/gcc/x86_64-linux-gnu/7/lto-wrapper
OFFLOAD_TARGET_NAMES=nvptx-none
OFFLOAD_TARGET_DEFAULT=1
Target: x86_64-linux-gnu
Configured with: ../src/configure -v --with-pkgversion='Ubuntu 7.5.0-3ubuntu1~18.04' --with-bugurl=file:///usr/share/doc/gcc-7/README.Bugs --enable-languages=c,ada,c++,go,brig,d,fortran,objc,obj-c++ --prefix=/usr --with-gcc-major-version-only --program-suffix=-7 --program-prefix=x86_64-linux-gnu- --enable-shared --enable-linker-build-id --libexecdir=/usr/lib --without-included-gettext --enable-threads=posix --libdir=/usr/lib --enable-nls --enable-bootstrap --enable-clocale=gnu --enable-libstdcxx-debug --enable-libstdcxx-time=yes --with-default-libstdcxx-abi=new --enable-gnu-unique-object --disable-vtable-verify --enable-libmpx --enable-plugin --enable-default-pie --with-system-zlib --with-target-system-zlib --enable-objc-gc=auto --enable-multiarch --disable-werror --with-arch-32=i686 --with-abi=m64 --with-multilib-list=m32,m64,mx32 --enable-multilib --with-tune=generic --enable-offload-targets=nvptx-none --without-cuda-driver --enable-checking=release --build=x86_64-linux-gnu --host=x86_64-linux-gnu --target=x86_64-linux-gnu
Thread model: posix
gcc version 7.5.0 (Ubuntu 7.5.0-3ubuntu1~18.04) 
COMPILER_PATH=/usr/lib/gcc/x86_64-linux-gnu/7/:/usr/lib/gcc/x86_64-linux-gnu/7/:/usr/lib/gcc/x86_64-linux-gnu/:/usr/lib/gcc/x86_64-linux-gnu/7/:/usr/lib/gcc/x86_64-linux-gnu/
LIBRARY_PATH=/usr/lib/gcc/x86_64-linux-gnu/7/:/usr/lib/gcc/x86_64-linux-gnu/7/../../../x86_64-linux-gnu/:/usr/lib/gcc/x86_64-linux-gnu/7/../../../../lib/:/lib/x86_64-linux-gnu/:/lib/../lib/:/usr/lib/x86_64-linux-gnu/:/usr/lib/../lib/:/usr/lib/gcc/x86_64-linux-gnu/7/../../../:/lib/:/usr/lib/
COLLECT_GCC_OPTIONS='-v' '-rdynamic' '-o' 'cmTC_dbd9e' '-shared-libgcc' '-mtune=generic' '-march=x86-64'
 /usr/lib/gcc/x86_64-linux-gnu/7/collect2 -plugin /usr/lib/gcc/x86_64-linux-gnu/7/liblto_plugin.so -plugin-opt=/usr/lib/gcc/x86_64-linux-gnu/7/lto-wrapper -plugin-opt=-fresolution=/tmp/ccNQCD4w.res -plugin-opt=-pass-through=-lgcc_s -plugin-opt=-pass-through=-lgcc -plugin-opt=-pass-through=-lc -plugin-opt=-pass-through=-lgcc_s -plugin-opt=-pass-through=-lgcc --build-id --eh-frame-hdr -m elf_x86_64 --hash-style=gnu --as-needed -export-dynamic -dynamic-linker /lib64/ld-linux-x86-64.so.2 -pie -z now -z relro -o cmTC_dbd9e /usr/lib/gcc/x86_64-linux-gnu/7/../../../x86_64-linux-gnu/Scrt1.o /usr/lib/gcc/x86_64-linux-gnu/7/../../../x86_64-linux-gnu/crti.o /usr/lib/gcc/x86_64-linux-gnu/7/crtbeginS.o -L/usr/lib/gcc/x86_64-linux-gnu/7 -L/usr/lib/gcc/x86_64-linux-gnu/7/../../../x86_64-linux-gnu -L/usr/lib/gcc/x86_64-linux-gnu/7/../../../../lib -L/lib/x86_64-linux-gnu -L/lib/../lib -L/usr/lib/x86_64-linux-gnu -L/usr/lib/../lib -L/usr/lib/gcc/x86_64-linux-gnu/7/../../.. CMakeFiles/cmTC_dbd9e.dir/CMakeCXXCompilerABI.cpp.o -lstdc++ -lm -lgcc_s -lgcc -lc -lgcc_s -lgcc /usr/lib/gcc/x86_64-linux-gnu/7/crtendS.o /usr/lib/gcc/x86_64-linux-gnu/7/../../../x86_64-linux-gnu/crtn.o
COLLECT_GCC_OPTIONS='-v' '-rdynamic' '-o' 'cmTC_dbd9e' '-shared-libgcc' '-mtune=generic' '-march=x86-64'
make[1]: Leaving directory '/home/ubuntu/sdk/sdk_build/CMakeFiles/CMakeTmp'



Parsed CXX implicit include dir info from above output: rv=done
  found start of include info
  found start of implicit include info
    add: [/usr/include/c++/7]
    add: [/usr/include/x86_64-linux-gnu/c++/7]
    add: [/usr/include/c++/7/backward]
    add: [/usr/lib/gcc/x86_64-linux-gnu/7/include]
    add: [/usr/local/include]
    add: [/usr/lib/gcc/x86_64-linux-gnu/7/include-fixed]
    add: [/usr/include/x86_64-linux-gnu]
    add: [/usr/include]
  end of search list found
  collapse include dir [/usr/include/c++/7] ==> [/usr/include/c++/7]
  collapse include dir [/usr/include/x86_64-linux-gnu/c++/7] ==> [/usr/include/x86_64-linux-gnu/c++/7]
  collapse include dir [/usr/include/c++/7/backward] ==> [/usr/include/c++/7/backward]
  collapse include dir [/usr/lib/gcc/x86_64-linux-gnu/7/include] ==> [/usr/lib/gcc/x86_64-linux-gnu/7/include]
  collapse include dir [/usr/local/include] ==> [/usr/local/include]
  collapse include dir [/usr/lib/gcc/x86_64-linux-gnu/7/include-fixed] ==> [/usr/lib/gcc/x86_64-linux-gnu/7/include-fixed]
  collapse include dir [/usr/include/x86_64-linux-gnu] ==> [/usr/include/x86_64-linux-gnu]
  collapse include dir [/usr/include] ==> [/usr/include]
  implicit include dirs: [/usr/include/c++/7;/usr/include/x86_64-linux-gnu/c++/7;/usr/include/c++/7/backward;/usr/lib/gcc/x86_64-linux-gnu/7/include;/usr/local/include;/usr/lib/gcc/x86_64-linux-gnu/7/include-fixed;/usr/include/x86_64-linux-gnu;/usr/include]


Parsed CXX implicit link information from above output:
  link line regex: [^( *|.*[/\])(ld|CMAKE_LINK_STARTFILE-NOTFOUND|([^/\]+-)?ld|collect2)[^/\]*( |$)]
  ignore line: [Change Dir: /home/ubuntu/sdk/sdk_build/CMakeFiles/CMakeTmp]
  ignore line: []
  ignore line: [Run Build Command(s):/usr/bin/make -f Makefile cmTC_dbd9e/fast && /usr/bin/make  -f CMakeFiles/cmTC_dbd9e.dir/build.make CMakeFiles/cmTC_dbd9e.dir/build]
  ignore line: [make[1]: Entering directory '/home/ubuntu/sdk/sdk_build/CMakeFiles/CMakeTmp']
  ignore line: [Building CXX object CMakeFiles/cmTC_dbd9e.dir/CMakeCXXCompilerABI.cpp.o]
  ignore line: [/usr/bin/c++   -v -o CMakeFiles/cmTC_dbd9e.dir/CMakeCXXCompilerABI.cpp.o -c /snap/cmake/930/share/cmake-3.20/Modules/CMakeCXXCompilerABI.cpp]
  ignore line: [Using built-in specs.]
  ignore line: [COLLECT_GCC=/usr/bin/c++]
  ignore line: [OFFLOAD_TARGET_NAMES=nvptx-none]
  ignore line: [OFFLOAD_TARGET_DEFAULT=1]
  ignore line: [Target: x86_64-linux-gnu]
  ignore line: [Configured with: ../src/configure -v --with-pkgversion='Ubuntu 7.5.0-3ubuntu1~18.04' --with-bugurl=file:///usr/share/doc/gcc-7/README.Bugs --enable-languages=c ada c++ go brig d fortran objc obj-c++ --prefix=/usr --with-gcc-major-version-only --program-suffix=-7 --program-prefix=x86_64-linux-gnu- --enable-shared --enable-linker-build-id --libexecdir=/usr/lib --without-included-gettext --enable-threads=posix --libdir=/usr/lib --enable-nls --enable-bootstrap --enable-clocale=gnu --enable-libstdcxx-debug --enable-libstdcxx-time=yes --with-default-libstdcxx-abi=new --enable-gnu-unique-object --disable-vtable-verify --enable-libmpx --enable-plugin --enable-default-pie --with-system-zlib --with-target-system-zlib --enable-objc-gc=auto --enable-multiarch --disable-werror --with-arch-32=i686 --with-abi=m64 --with-multilib-list=m32 m64 mx32 --enable-multilib --with-tune=generic --enable-offload-targets=nvptx-none --without-cuda-driver --enable-checking=release --build=x86_64-linux-gnu --host=x86_64-linux-gnu --target=x86_64-linux-gnu]
  ignore line: [Thread model: posix]
  ignore line: [gcc version 7.5.0 (Ubuntu 7.5.0-3ubuntu1~18.04) ]
  ignore line: [COLLECT_GCC_OPTIONS='-v' '-o' 'CMakeFiles/cmTC_dbd9e.dir/CMakeCXXCompilerABI.cpp.o' '-c' '-shared-libgcc' '-mtune=generic' '-march=x86-64']
  ignore line: [ /usr/lib/gcc/x86_64-linux-gnu/7/cc1plus -quiet -v -imultiarch x86_64-linux-gnu -D_GNU_SOURCE /snap/cmake/930/share/cmake-3.20/Modules/CMakeCXXCompilerABI.cpp -quiet -dumpbase CMakeCXXCompilerABI.cpp -mtune=generic -march=x86-64 -auxbase-strip CMakeFiles/cmTC_dbd9e.dir/CMakeCXXCompilerABI.cpp.o -version -fstack-protector-strong -Wformat -Wformat-security -o /tmp/ccP6LjVt.s]
  ignore line: [GNU C++14 (Ubuntu 7.5.0-3ubuntu1~18.04) version 7.5.0 (x86_64-linux-gnu)]
  ignore line: [	compiled by GNU C version 7.5.0  GMP version 6.1.2  MPFR version 4.0.1  MPC version 1.1.0  isl version isl-0.19-GMP]
  ignore line: []
  ignore line: [GGC heuristics: --param ggc-min-expand=100 --param ggc-min-heapsize=131072]
  ignore line: [ignoring duplicate directory "/usr/include/x86_64-linux-gnu/c++/7"]
  ignore line: [ignoring nonexistent directory "/usr/local/include/x86_64-linux-gnu"]
  ignore line: [ignoring nonexistent directory "/usr/lib/gcc/x86_64-linux-gnu/7/../../../../x86_64-linux-gnu/include"]
  ignore line: [#include "..." search starts here:]
  ignore line: [#include <...> search starts here:]
  ignore line: [ /usr/include/c++/7]
  ignore line: [ /usr/include/x86_64-linux-gnu/c++/7]
  ignore line: [ /usr/include/c++/7/backward]
  ignore line: [ /usr/lib/gcc/x86_64-linux-gnu/7/include]
  ignore line: [ /usr/local/include]
  ignore line: [ /usr/lib/gcc/x86_64-linux-gnu/7/include-fixed]
  ignore line: [ /usr/include/x86_64-linux-gnu]
  ignore line: [ /usr/include]
  ignore line: [End of search list.]
  ignore line: [GNU C++14 (Ubuntu 7.5.0-3ubuntu1~18.04) version 7.5.0 (x86_64-linux-gnu)]
  ignore line: [	compiled by GNU C version 7.5.0  GMP version 6.1.2  MPFR version 4.0.1  MPC version 1.1.0  isl version isl-0.19-GMP]
  ignore line: []
  ignore line: [GGC heuristics: --param ggc-min-expand=100 --param ggc-min-heapsize=131072]
  ignore line: [Compiler executable checksum: 3eb3dc290cd5714c3e1c3ae751116f07]
  ignore line: [COLLECT_GCC_OPTIONS='-v' '-o' 'CMakeFiles/cmTC_dbd9e.dir/CMakeCXXCompilerABI.cpp.o' '-c' '-shared-libgcc' '-mtune=generic' '-march=x86-64']
  ignore line: [ as -v --64 -o CMakeFiles/cmTC_dbd9e.dir/CMakeCXXCompilerABI.cpp.o /tmp/ccP6LjVt.s]
  ignore line: [GNU assembler version 2.30 (x86_64-linux-gnu) using BFD version (GNU Binutils for Ubuntu) 2.30]
  ignore line: [COMPILER_PATH=/usr/lib/gcc/x86_64-linux-gnu/7/:/usr/lib/gcc/x86_64-linux-gnu/7/:/usr/lib/gcc/x86_64-linux-gnu/:/usr/lib/gcc/x86_64-linux-gnu/7/:/usr/lib/gcc/x86_64-linux-gnu/]
  ignore line: [LIBRARY_PATH=/usr/lib/gcc/x86_64-linux-gnu/7/:/usr/lib/gcc/x86_64-linux-gnu/7/../../../x86_64-linux-gnu/:/usr/lib/gcc/x86_64-linux-gnu/7/../../../../lib/:/lib/x86_64-linux-gnu/:/lib/../lib/:/usr/lib/x86_64-linux-gnu/:/usr/lib/../lib/:/usr/lib/gcc/x86_64-linux-gnu/7/../../../:/lib/:/usr/lib/]
  ignore line: [COLLECT_GCC_OPTIONS='-v' '-o' 'CMakeFiles/cmTC_dbd9e.dir/CMakeCXXCompilerABI.cpp.o' '-c' '-shared-libgcc' '-mtune=generic' '-march=x86-64']
  ignore line: [Linking CXX executable cmTC_dbd9e]
  ignore line: [/snap/cmake/930/bin/cmake -E cmake_link_script CMakeFiles/cmTC_dbd9e.dir/link.txt --verbose=1]
  ignore line: [/usr/bin/c++  -v -rdynamic CMakeFiles/cmTC_dbd9e.dir/CMakeCXXCompilerABI.cpp.o -o cmTC_dbd9e ]
  ignore line: [Using built-in specs.]
  ignore line: [COLLECT_GCC=/usr/bin/c++]
  ignore line: [COLLECT_LTO_WRAPPER=/usr/lib/gcc/x86_64-linux-gnu/7/lto-wrapper]
  ignore line: [OFFLOAD_TARGET_NAMES=nvptx-none]
  ignore line: [OFFLOAD_TARGET_DEFAULT=1]
  ignore line: [Target: x86_64-linux-gnu]
  ignore line: [Configured with: ../src/configure -v --with-pkgversion='Ubuntu 7.5.0-3ubuntu1~18.04' --with-bugurl=file:///usr/share/doc/gcc-7/README.Bugs --enable-languages=c ada c++ go brig d fortran objc obj-c++ --prefix=/usr --with-gcc-major-version-only --program-suffix=-7 --program-prefix=x86_64-linux-gnu- --enable-shared --enable-linker-build-id --libexecdir=/usr/lib --without-included-gettext --enable-threads=posix --libdir=/usr/lib --enable-nls --enable-bootstrap --enable-clocale=gnu --enable-libstdcxx-debug --enable-libstdcxx-time=yes --with-default-libstdcxx-abi=new --enable-gnu-unique-object --disable-vtable-verify --enable-libmpx --enable-plugin --enable-default-pie --with-system-zlib --with-target-system-zlib --enable-objc-gc=auto --enable-multiarch --disable-werror --with-arch-32=i686 --with-abi=m64 --with-multilib-list=m32 m64 mx32 --enable-multilib --with-tune=generic --enable-offload-targets=nvptx-none --without-cuda-driver --enable-checking=release --build=x86_64-linux-gnu --host=x86_64-linux-gnu --target=x86_64-linux-gnu]
  ignore line: [Thread model: posix]
  ignore line: [gcc version 7.5.0 (Ubuntu 7.5.0-3ubuntu1~18.04) ]
  ignore line: [COMPILER_PATH=/usr/lib/gcc/x86_64-linux-gnu/7/:/usr/lib/gcc/x86_64-linux-gnu/7/:/usr/lib/gcc/x86_64-linux-gnu/:/usr/lib/gcc/x86_64-linux-gnu/7/:/usr/lib/gcc/x86_64-linux-gnu/]
  ignore line: [LIBRARY_PATH=/usr/lib/gcc/x86_64-linux-gnu/7/:/usr/lib/gcc/x86_64-linux-gnu/7/../../../x86_64-linux-gnu/:/usr/lib/gcc/x86_64-linux-gnu/7/../../../../lib/:/lib/x86_64-linux-gnu/:/lib/../lib/:/usr/lib/x86_64-linux-gnu/:/usr/lib/../lib/:/usr/lib/gcc/x86_64-linux-gnu/7/../../../:/lib/:/usr/lib/]
  ignore line: [COLLECT_GCC_OPTIONS='-v' '-rdynamic' '-o' 'cmTC_dbd9e' '-shared-libgcc' '-mtune=generic' '-march=x86-64']
  link line: [ /usr/lib/gcc/x86_64-linux-gnu/7/collect2 -plugin /usr/lib/gcc/x86_64-linux-gnu/7/liblto_plugin.so -plugin-opt=/usr/lib/gcc/x86_64-linux-gnu/7/lto-wrapper -plugin-opt=-fresolution=/tmp/ccNQCD4w.res -plugin-opt=-pass-through=-lgcc_s -plugin-opt=-pass-through=-lgcc -plugin-opt=-pass-through=-lc -plugin-opt=-pass-through=-lgcc_s -plugin-opt=-pass-through=-lgcc --build-id --eh-frame-hdr -m elf_x86_64 --hash-style=gnu --as-needed -export-dynamic -dynamic-linker /lib64/ld-linux-x86-64.so.2 -pie -z now -z relro -o cmTC_dbd9e /usr/lib/gcc/x86_64-linux-gnu/7/../../../x86_64-linux-gnu/Scrt1.o /usr/lib/gcc/x86_64-linux-gnu/7/../../../x86_64-linux-gnu/crti.o /usr/lib/gcc/x86_64-linux-gnu/7/crtbeginS.o -L/usr/lib/gcc/x86_64-linux-gnu/7 -L/usr/lib/gcc/x86_64-linux-gnu/7/../../../x86_64-linux-gnu -L/usr/lib/gcc/x86_64-linux-gnu/7/../../../../lib -L/lib/x86_64-linux-gnu -L/lib/../lib -L/usr/lib/x86_64-linux-gnu -L/usr/lib/../lib -L/usr/lib/gcc/x86_64-linux-gnu/7/../../.. CMakeFiles/cmTC_dbd9e.dir/CMakeCXXCompilerABI.cpp.o -lstdc++ -lm -lgcc_s -lgcc -lc -lgcc_s -lgcc /usr/lib/gcc/x86_64-linux-gnu/7/crtendS.o /usr/lib/gcc/x86_64-linux-gnu/7/../../../x86_64-linux-gnu/crtn.o]
    arg [/usr/lib/gcc/x86_64-linux-gnu/7/collect2] ==> ignore
    arg [-plugin] ==> ignore
    arg [/usr/lib/gcc/x86_64-linux-gnu/7/liblto_plugin.so] ==> ignore
    arg [-plugin-opt=/usr/lib/gcc/x86_64-linux-gnu/7/lto-wrapper] ==> ignore
    arg [-plugin-opt=-fresolution=/tmp/ccNQCD4w.res] ==> ignore
    arg [-plugin-opt=-pass-through=-lgcc_s] ==> ignore
    arg [-plugin-opt=-pass-through=-lgcc] ==> ignore
    arg [-plugin-opt=-pass-through=-lc] ==> ignore
    arg [-plugin-opt=-pass-through=-lgcc_s] ==> ignore
    arg [-plugin-opt=-pass-through=-lgcc] ==> ignore
    arg [--build-id] ==> ignore
    arg [--eh-frame-hdr] ==> ignore
    arg [-m] ==> ignore
    arg [elf_x86_64] ==> ignore
    arg [--hash-style=gnu] ==> ignore
    arg [--as-needed] ==> ignore
    arg [-export-dynamic] ==> ignore
    arg [-dynamic-linker] ==> ignore
    arg [/lib64/ld-linux-x86-64.so.2] ==> ignore
    arg [-pie] ==> ignore
    arg [-znow] ==> ignore
    arg [-zrelro] ==> ignore
    arg [-o] ==> ignore
    arg [cmTC_dbd9e] ==> ignore
    arg [/usr/lib/gcc/x86_64-linux-gnu/7/../../../x86_64-linux-gnu/Scrt1.o] ==> obj [/usr/lib/gcc/x86_64-linux-gnu/7/../../../x86_64-linux-gnu/Scrt1.o]
    arg [/usr/lib/gcc/x86_64-linux-gnu/7/../../../x86_64-linux-gnu/crti.o] ==> obj [/usr/lib/gcc/x86_64-linux-gnu/7/../../../x86_64-linux-gnu/crti.o]
    arg [/usr/lib/gcc/x86_64-linux-gnu/7/crtbeginS.o] ==> obj [/usr/lib/gcc/x86_64-linux-gnu/7/crtbeginS.o]
    arg [-L/usr/lib/gcc/x86_64-linux-gnu/7] ==> dir [/usr/lib/gcc/x86_64-linux-gnu/7]
    arg [-L/usr/lib/gcc/x86_64-linux-gnu/7/../../../x86_64-linux-gnu] ==> dir [/usr/lib/gcc/x86_64-linux-gnu/7/../../../x86_64-linux-gnu]
    arg [-L/usr/lib/gcc/x86_64-linux-gnu/7/../../../../lib] ==> dir [/usr/lib/gcc/x86_64-linux-gnu/7/../../../../lib]
    arg [-L/lib/x86_64-linux-gnu] ==> dir [/lib/x86_64-linux-gnu]
    arg [-L/lib/../lib] ==> dir [/lib/../lib]
    arg [-L/usr/lib/x86_64-linux-gnu] ==> dir [/usr/lib/x86_64-linux-gnu]
    arg [-L/usr/lib/../lib] ==> dir [/usr/lib/../lib]
    arg [-L/usr/lib/gcc/x86_64-linux-gnu/7/../../..] ==> dir [/usr/lib/gcc/x86_64-linux-gnu/7/../../..]
    arg [CMakeFiles/cmTC_dbd9e.dir/CMakeCXXCompilerABI.cpp.o] ==> ignore
    arg [-lstdc++] ==> lib [stdc++]
    arg [-lm] ==> lib [m]
    arg [-lgcc_s] ==> lib [gcc_s]
    arg [-lgcc] ==> lib [gcc]
    arg [-lc] ==> lib [c]
    arg [-lgcc_s] ==> lib [gcc_s]
    arg [-lgcc] ==> lib [gcc]
    arg [/usr/lib/gcc/x86_64-linux-gnu/7/crtendS.o] ==> obj [/usr/lib/gcc/x86_64-linux-gnu/7/crtendS.o]
    arg [/usr/lib/gcc/x86_64-linux-gnu/7/../../../x86_64-linux-gnu/crtn.o] ==> obj [/usr/lib/gcc/x86_64-linux-gnu/7/../../../x86_64-linux-gnu/crtn.o]
  collapse obj [/usr/lib/gcc/x86_64-linux-gnu/7/../../../x86_64-linux-gnu/Scrt1.o] ==> [/usr/lib/x86_64-linux-gnu/Scrt1.o]
  collapse obj [/usr/lib/gcc/x86_64-linux-gnu/7/../../../x86_64-linux-gnu/crti.o] ==> [/usr/lib/x86_64-linux-gnu/crti.o]
  collapse obj [/usr/lib/gcc/x86_64-linux-gnu/7/../../../x86_64-linux-gnu/crtn.o] ==> [/usr/lib/x86_64-linux-gnu/crtn.o]
  collapse library dir [/usr/lib/gcc/x86_64-linux-gnu/7] ==> [/usr/lib/gcc/x86_64-linux-gnu/7]
  collapse library dir [/usr/lib/gcc/x86_64-linux-gnu/7/../../../x86_64-linux-gnu] ==> [/usr/lib/x86_64-linux-gnu]
  collapse library dir [/usr/lib/gcc/x86_64-linux-gnu/7/../../../../lib] ==> [/usr/lib]
  collapse library dir [/lib/x86_64-linux-gnu] ==> [/lib/x86_64-linux-gnu]
  collapse library dir [/lib/../lib] ==> [/lib]
  collapse library dir [/usr/lib/x86_64-linux-gnu] ==> [/usr/lib/x86_64-linux-gnu]
  collapse library dir [/usr/lib/../lib] ==> [/usr/lib]
  collapse library dir [/usr/lib/gcc/x86_64-linux-gnu/7/../../..] ==> [/usr/lib]
  implicit libs: [stdc++;m;gcc_s;gcc;c;gcc_s;gcc]
  implicit objs: [/usr/lib/x86_64-linux-gnu/Scrt1.o;/usr/lib/x86_64-linux-gnu/crti.o;/usr/lib/gcc/x86_64-linux-gnu/7/crtbeginS.o;/usr/lib/gcc/x86_64-linux-gnu/7/crtendS.o;/usr/lib/x86_64-linux-gnu/crtn.o]
  implicit dirs: [/usr/lib/gcc/x86_64-linux-gnu/7;/usr/lib/x86_64-linux-gnu;/usr/lib;/lib/x86_64-linux-gnu;/lib]
  implicit fwks: []


Determining if the include file pthread.h exists passed with the following output:
Change Dir: /home/ubuntu/sdk/sdk_build/CMakeFiles/CMakeTmp

Run Build Command(s):/usr/bin/make -f Makefile cmTC_abbc7/fast && /usr/bin/make  -f CMakeFiles/cmTC_abbc7.dir/build.make CMakeFiles/cmTC_abbc7.dir/build
make[1]: Entering directory '/home/ubuntu/sdk/sdk_build/CMakeFiles/CMakeTmp'
Building CXX object CMakeFiles/cmTC_abbc7.dir/CheckIncludeFile.cxx.o
/usr/bin/c++    -o CMakeFiles/cmTC_abbc7.dir/CheckIncludeFile.cxx.o -c /home/ubuntu/sdk/sdk_build/CMakeFiles/CMakeTmp/CheckIncludeFile.cxx
Linking CXX executable cmTC_abbc7
/snap/cmake/930/bin/cmake -E cmake_link_script CMakeFiles/cmTC_abbc7.dir/link.txt --verbose=1
/usr/bin/c++ -rdynamic CMakeFiles/cmTC_abbc7.dir/CheckIncludeFile.cxx.o -o cmTC_abbc7 
make[1]: Leaving directory '/home/ubuntu/sdk/sdk_build/CMakeFiles/CMakeTmp'



Performing C++ SOURCE FILE Test HAVE_ATOMICS_WITHOUT_LIBATOMIC succeeded with the following output:
Change Dir: /home/ubuntu/sdk/sdk_build/CMakeFiles/CMakeTmp

Run Build Command(s):/usr/bin/make -f Makefile cmTC_bfa85/fast && /usr/bin/make  -f CMakeFiles/cmTC_bfa85.dir/build.make CMakeFiles/cmTC_bfa85.dir/build
make[1]: Entering directory '/home/ubuntu/sdk/sdk_build/CMakeFiles/CMakeTmp'
Building CXX object CMakeFiles/cmTC_bfa85.dir/src.cxx.o
/usr/bin/c++ -DHAVE_ATOMICS_WITHOUT_LIBATOMIC  -std=c++11 -o CMakeFiles/cmTC_bfa85.dir/src.cxx.o -c /home/ubuntu/sdk/sdk_build/CMakeFiles/CMakeTmp/src.cxx
Linking CXX executable cmTC_bfa85
/snap/cmake/930/bin/cmake -E cmake_link_script CMakeFiles/cmTC_bfa85.dir/link.txt --verbose=1
/usr/bin/c++  -std=c++11 -rdynamic CMakeFiles/cmTC_bfa85.dir/src.cxx.o -o cmTC_bfa85 
make[1]: Leaving directory '/home/ubuntu/sdk/sdk_build/CMakeFiles/CMakeTmp'


Source file was:

#include <cstdint>
#include <atomic>
std::atomic<uintptr_t> x;
std::atomic<uintmax_t> y;
int main() {
    return x + y;
}
Compiling the C compiler identification source file "CMakeCCompilerId.c" succeeded.
Compiler: /usr/bin/cc 
Build flags: 
Id flags:  

The output was:
0


Compilation of the C compiler identification source "CMakeCCompilerId.c" produced "a.out"

The C compiler identification is GNU, found in "/home/ubuntu/sdk/sdk_build/CMakeFiles/3.20.6/CompilerIdC/a.out"

Detecting C compiler ABI info compiled with the following output:
Change Dir: /home/ubuntu/sdk/sdk_build/CMakeFiles/CMakeTmp

Run Build Command(s):/usr/bin/make -f Makefile cmTC_2fb9d/fast && /usr/bin/make  -f CMakeFiles/cmTC_2fb9d.dir/build.make CMakeFiles/cmTC_2fb9d.dir/build
make[1]: Entering directory '/home/ubuntu/sdk/sdk_build/CMakeFiles/CMakeTmp'
Building C object CMakeFiles/cmTC_2fb9d.dir/CMakeCCompilerABI.c.o
/usr/bin/cc   -v -o CMakeFiles/cmTC_2fb9d.dir/CMakeCCompilerABI.c.o -c /snap/cmake/930/share/cmake-3.20/Modules/CMakeCCompilerABI.c
Using built-in specs.
COLLECT_GCC=/usr/bin/cc
OFFLOAD_TARGET_NAMES=nvptx-none
OFFLOAD_TARGET_DEFAULT=1
Target: x86_64-linux-gnu
Configured with: ../src/configure -v --with-pkgversion='Ubuntu 7.5.0-3ubuntu1~18.04' --with-bugurl=file:///usr/share/doc/gcc-7/README.Bugs --enable-languages=c,ada,c++,go,brig,d,fortran,objc,obj-c++ --prefix=/usr --with-gcc-major-version-only --program-suffix=-7 --program-prefix=x86_64-linux-gnu- --enable-shared --enable-linker-build-id --libexecdir=/usr/lib --without-included-gettext --enable-threads=posix --libdir=/usr/lib --enable-nls --enable-bootstrap --enable-clocale=gnu --enable-libstdcxx-debug --enable-libstdcxx-time=yes --with-default-libstdcxx-abi=new --enable-gnu-unique-object --disable-vtable-verify --enable-libmpx --enable-plugin --enable-default-pie --with-system-zlib --with-target-system-zlib --enable-objc-gc=auto --enable-multiarch --disable-werror --with-arch-32=i686 --with-abi=m64 --with-multilib-list=m32,m64,mx32 --enable-multilib --with-tune=generic --enable-offload-targets=nvptx-none --without-cuda-driver --enable-checking=release --build=x86_64-linux-gnu --host=x86_64-linux-gnu --target=x86_64-linux-gnu
Thread model: posix
gcc version 7.5.0 (Ubuntu 7.5.0-3ubuntu1~18.04) 
COLLECT_GCC_OPTIONS='-v' '-o' 'CMakeFiles/cmTC_2fb9d.dir/CMakeCCompilerABI.c.o' '-c' '-mtune=generic' '-march=x86-64'
 /usr/lib/gcc/x86_64-linux-gnu/7/cc1 -quiet -v -imultiarch x86_64-linux-gnu /snap/cmake/930/share/cmake-3.20/Modules/CMakeCCompilerABI.c -quiet -dumpbase CMakeCCompilerABI.c -mtune=generic -march=x86-64 -auxbase-strip CMakeFiles/cmTC_2fb9d.dir/CMakeCCompilerABI.c.o -version -fstack-protector-strong -Wformat -Wformat-security -o /tmp/ccmaV1Y1.s
GNU C11 (Ubuntu 7.5.0-3ubuntu1~18.04) version 7.5.0 (x86_64-linux-gnu)
	compiled by GNU C version 7.5.0, GMP version 6.1.2, MPFR version 4.0.1, MPC version 1.1.0, isl version isl-0.19-GMP

GGC heuristics: --param ggc-min-expand=100 --param ggc-min-heapsize=131072
ignoring nonexistent directory "/usr/local/include/x86_64-linux-gnu"
ignoring nonexistent directory "/usr/lib/gcc/x86_64-linux-gnu/7/../../../../x86_64-linux-gnu/include"
#include "..." search starts here:
#include <...> search starts here:
 /usr/lib/gcc/x86_64-linux-gnu/7/include
 /usr/local/include
 /usr/lib/gcc/x86_64-linux-gnu/7/include-fixed
 /usr/include/x86_64-linux-gnu
 /usr/include
End of search list.
GNU C11 (Ubuntu 7.5.0-3ubuntu1~18.04) version 7.5.0 (x86_64-linux-gnu)
	compiled by GNU C version 7.5.0, GMP version 6.1.2, MPFR version 4.0.1, MPC version 1.1.0, isl version isl-0.19-GMP

GGC heuristics: --param ggc-min-expand=100 --param ggc-min-heapsize=131072
Compiler executable checksum: b62ed4a2880cd4159476ea8293b72fa8
COLLECT_GCC_OPTIONS='-v' '-o' 'CMakeFiles/cmTC_2fb9d.dir/CMakeCCompilerABI.c.o' '-c' '-mtune=generic' '-march=x86-64'
 as -v --64 -o CMakeFiles/cmTC_2fb9d.dir/CMakeCCompilerABI.c.o /tmp/ccmaV1Y1.s
GNU assembler version 2.30 (x86_64-linux-gnu) using BFD version (GNU Binutils for Ubuntu) 2.30
COMPILER_PATH=/usr/lib/gcc/x86_64-linux-gnu/7/:/usr/lib/gcc/x86_64-linux-gnu/7/:/usr/lib/gcc/x86_64-linux-gnu/:/usr/lib/gcc/x86_64-linux-gnu/7/:/usr/lib/gcc/x86_64-linux-gnu/
LIBRARY_PATH=/usr/lib/gcc/x86_64-linux-gnu/7/:/usr/lib/gcc/x86_64-linux-gnu/7/../../../x86_64-linux-gnu/:/usr/lib/gcc/x86_64-linux-gnu/7/../../../../lib/:/lib/x86_64-linux-gnu/:/lib/../lib/:/usr/lib/x86_64-linux-gnu/:/usr/lib/../lib/:/usr/lib/gcc/x86_64-linux-gnu/7/../../../:/lib/:/usr/lib/
COLLECT_GCC_OPTIONS='-v' '-o' 'CMakeFiles/cmTC_2fb9d.dir/CMakeCCompilerABI.c.o' '-c' '-mtune=generic' '-march=x86-64'
Linking C executable cmTC_2fb9d
/snap/cmake/930/bin/cmake -E cmake_link_script CMakeFiles/cmTC_2fb9d.dir/link.txt --verbose=1
/usr/bin/cc  -v -rdynamic CMakeFiles/cmTC_2fb9d.dir/CMakeCCompilerABI.c.o -o cmTC_2fb9d 
Using built-in specs.
COLLECT_GCC=/usr/bin/cc
COLLECT_LTO_WRAPPER=/usr/lib/gcc/x86_64-linux-gnu/7/lto-wrapper
OFFLOAD_TARGET_NAMES=nvptx-none
OFFLOAD_TARGET_DEFAULT=1
Target: x86_64-linux-gnu
Configured with: ../src/configure -v --with-pkgversion='Ubuntu 7.5.0-3ubuntu1~18.04' --with-bugurl=file:///usr/share/doc/gcc-7/README.Bugs --enable-languages=c,ada,c++,go,brig,d,fortran,objc,obj-c++ --prefix=/usr --with-gcc-major-version-only --program-suffix=-7 --program-prefix=x86_64-linux-gnu- --enable-shared --enable-linker-build-id --libexecdir=/usr/lib --without-included-gettext --enable-threads=posix --libdir=/usr/lib --enable-nls --enable-bootstrap --enable-clocale=gnu --enable-libstdcxx-debug --enable-libstdcxx-time=yes --with-default-libstdcxx-abi=new --enable-gnu-unique-object --disable-vtable-verify --enable-libmpx --enable-plugin --enable-default-pie --with-system-zlib --with-target-system-zlib --enable-objc-gc=auto --enable-multiarch --disable-werror --with-arch-32=i686 --with-abi=m64 --with-multilib-list=m32,m64,mx32 --enable-multilib --with-tune=generic --enable-offload-targets=nvptx-none --without-cuda-driver --enable-checking=release --build=x86_64-linux-gnu --host=x86_64-linux-gnu --target=x86_64-linux-gnu
Thread model: posix
gcc version 7.5.0 (Ubuntu 7.5.0-3ubuntu1~18.04) 
COMPILER_PATH=/usr/lib/gcc/x86_64-linux-gnu/7/:/usr/lib/gcc/x86_64-linux-gnu/7/:/usr/lib/gcc/x86_64-linux-gnu/:/usr/lib/gcc/x86_64-linux-gnu/7/:/usr/lib/gcc/x86_64-linux-gnu/
LIBRARY_PATH=/usr/lib/gcc/x86_64-linux-gnu/7/:/usr/lib/gcc/x86_64-linux-gnu/7/../../../x86_64-linux-gnu/:/usr/lib/gcc/x86_64-linux-gnu/7/../../../../lib/:/lib/x86_64-linux-gnu/:/lib/../lib/:/usr/lib/x86_64-linux-gnu/:/usr/lib/../lib/:/usr/lib/gcc/x86_64-linux-gnu/7/../../../:/lib/:/usr/lib/
COLLECT_GCC_OPTIONS='-v' '-rdynamic' '-o' 'cmTC_2fb9d' '-mtune=generic' '-march=x86-64'
 /usr/lib/gcc/x86_64-linux-gnu/7/collect2 -plugin /usr/lib/gcc/x86_64-linux-gnu/7/liblto_plugin.so -plugin-opt=/usr/lib/gcc/x86_64-linux-gnu/7/lto-wrapper -plugin-opt=-fresolution=/tmp/ccfzxwY4.res -plugin-opt=-pass-through=-lgcc -plugin-opt=-pass-through=-lgcc_s -plugin-opt=-pass-through=-lc -plugin-opt=-pass-through=-lgcc -plugin-opt=-pass-through=-lgcc_s --build-id --eh-frame-hdr -m elf_x86_64 --hash-style=gnu --as-needed -export-dynamic -dynamic-linker /lib64/ld-linux-x86-64.so.2 -pie -z now -z relro -o cmTC_2fb9d /usr/lib/gcc/x86_64-linux-gnu/7/../../../x86_64-linux-gnu/Scrt1.o /usr/lib/gcc/x86_64-linux-gnu/7/../../../x86_64-linux-gnu/crti.o /usr/lib/gcc/x86_64-linux-gnu/7/crtbeginS.o -L/usr/lib/gcc/x86_64-linux-gnu/7 -L/usr/lib/gcc/x86_64-linux-gnu/7/../../../x86_64-linux-gnu -L/usr/lib/gcc/x86_64-linux-gnu/7/../../../../lib -L/lib/x86_64-linux-gnu -L/lib/../lib -L/usr/lib/x86_64-linux-gnu -L/usr/lib/../lib -L/usr/lib/gcc/x86_64-linux-gnu/7/../../.. CMakeFiles/cmTC_2fb9d.dir/CMakeCCompilerABI.c.o -lgcc --push-state --as-needed -lgcc_s --pop-state -lc -lgcc --push-state --as-needed -lgcc_s --pop-state /usr/lib/gcc/x86_64-linux-gnu/7/crtendS.o /usr/lib/gcc/x86_64-linux-gnu/7/../../../x86_64-linux-gnu/crtn.o
COLLECT_GCC_OPTIONS='-v' '-rdynamic' '-o' 'cmTC_2fb9d' '-mtune=generic' '-march=x86-64'
make[1]: Leaving directory '/home/ubuntu/sdk/sdk_build/CMakeFiles/CMakeTmp'



Parsed C implicit include dir info from above output: rv=done
  found start of include info
  found start of implicit include info
    add: [/usr/lib/gcc/x86_64-linux-gnu/7/include]
    add: [/usr/local/include]
    add: [/usr/lib/gcc/x86_64-linux-gnu/7/include-fixed]
    add: [/usr/include/x86_64-linux-gnu]
    add: [/usr/include]
  end of search list found
  collapse include dir [/usr/lib/gcc/x86_64-linux-gnu/7/include] ==> [/usr/lib/gcc/x86_64-linux-gnu/7/include]
  collapse include dir [/usr/local/include] ==> [/usr/local/include]
  collapse include dir [/usr/lib/gcc/x86_64-linux-gnu/7/include-fixed] ==> [/usr/lib/gcc/x86_64-linux-gnu/7/include-fixed]
  collapse include dir [/usr/include/x86_64-linux-gnu] ==> [/usr/include/x86_64-linux-gnu]
  collapse include dir [/usr/include] ==> [/usr/include]
  implicit include dirs: [/usr/lib/gcc/x86_64-linux-gnu/7/include;/usr/local/include;/usr/lib/gcc/x86_64-linux-gnu/7/include-fixed;/usr/include/x86_64-linux-gnu;/usr/include]


Parsed C implicit link information from above output:
  link line regex: [^( *|.*[/\])(ld|CMAKE_LINK_STARTFILE-NOTFOUND|([^/\]+-)?ld|collect2)[^/\]*( |$)]
  ignore line: [Change Dir: /home/ubuntu/sdk/sdk_build/CMakeFiles/CMakeTmp]
  ignore line: []
  ignore line: [Run Build Command(s):/usr/bin/make -f Makefile cmTC_2fb9d/fast && /usr/bin/make  -f CMakeFiles/cmTC_2fb9d.dir/build.make CMakeFiles/cmTC_2fb9d.dir/build]
  ignore line: [make[1]: Entering directory '/home/ubuntu/sdk/sdk_build/CMakeFiles/CMakeTmp']
  ignore line: [Building C object CMakeFiles/cmTC_2fb9d.dir/CMakeCCompilerABI.c.o]
  ignore line: [/usr/bin/cc   -v -o CMakeFiles/cmTC_2fb9d.dir/CMakeCCompilerABI.c.o -c /snap/cmake/930/share/cmake-3.20/Modules/CMakeCCompilerABI.c]
  ignore line: [Using built-in specs.]
  ignore line: [COLLECT_GCC=/usr/bin/cc]
  ignore line: [OFFLOAD_TARGET_NAMES=nvptx-none]
  ignore line: [OFFLOAD_TARGET_DEFAULT=1]
  ignore line: [Target: x86_64-linux-gnu]
  ignore line: [Configured with: ../src/configure -v --with-pkgversion='Ubuntu 7.5.0-3ubuntu1~18.04' --with-bugurl=file:///usr/share/doc/gcc-7/README.Bugs --enable-languages=c ada c++ go brig d fortran objc obj-c++ --prefix=/usr --with-gcc-major-version-only --program-suffix=-7 --program-prefix=x86_64-linux-gnu- --enable-shared --enable-linker-build-id --libexecdir=/usr/lib --without-included-gettext --enable-threads=posix --libdir=/usr/lib --enable-nls --enable-bootstrap --enable-clocale=gnu --enable-libstdcxx-debug --enable-libstdcxx-time=yes --with-default-libstdcxx-abi=new --enable-gnu-unique-object --disable-vtable-verify --enable-libmpx --enable-plugin --enable-default-pie --with-system-zlib --with-target-system-zlib --enable-objc-gc=auto --enable-multiarch --disable-werror --with-arch-32=i686 --with-abi=m64 --with-multilib-list=m32 m64 mx32 --enable-multilib --with-tune=generic --enable-offload-targets=nvptx-none --without-cuda-driver --enable-checking=release --build=x86_64-linux-gnu --host=x86_64-linux-gnu --target=x86_64-linux-gnu]
  ignore line: [Thread model: posix]
  ignore line: [gcc version 7.5.0 (Ubuntu 7.5.0-3ubuntu1~18.04) ]
  ignore line: [COLLECT_GCC_OPTIONS='-v' '-o' 'CMakeFiles/cmTC_2fb9d.dir/CMakeCCompilerABI.c.o' '-c' '-mtune=generic' '-march=x86-64']
  ignore line: [ /usr/lib/gcc/x86_64-linux-gnu/7/cc1 -quiet -v -imultiarch x86_64-linux-gnu /snap/cmake/930/share/cmake-3.20/Modules/CMakeCCompilerABI.c -quiet -dumpbase CMakeCCompilerABI.c -mtune=generic -march=x86-64 -auxbase-strip CMakeFiles/cmTC_2fb9d.dir/CMakeCCompilerABI.c.o -version -fstack-protector-strong -Wformat -Wformat-security -o /tmp/ccmaV1Y1.s]
  ignore line: [GNU C11 (Ubuntu 7.5.0-3ubuntu1~18.04) version 7.5.0 (x86_64-linux-gnu)]
  ignore line: [	compiled by GNU C version 7.5.0  GMP version 6.1.2  MPFR version 4.0.1  MPC version 1.1.0  isl version isl-0.19-GMP]
  ignore line: []
  ignore line: [GGC heuristics: --param ggc-min-expand=100 --param ggc-min-heapsize=131072]
  ignore line: [ignoring nonexistent directory "/usr/local/include/x86_64-linux-gnu"]
  ignore line: [ignoring nonexistent directory "/usr/lib/gcc/x86_64-linux-gnu/7/../../../../x86_64-linux-gnu/include"]
  ignore line: [#include "..." search starts here:]
  ignore line: [#include <...> search starts here:]
  ignore line: [ /usr/lib/gcc/x86_64-linux-gnu/7/include]
  ignore line: [ /usr/local/include]
  ignore line: [ /usr/lib/gcc/x86_64-linux-gnu/7/include-fixed]
  ignore line: [ /usr/include/x86_64-linux-gnu]
  ignore line: [ /usr/include]
  ignore line: [End of search list.]
  ignore line: [GNU C11 (Ubuntu 7.5.0-3ubuntu1~18.04) version 7.5.0 (x86_64-linux-gnu)]
  ignore line: [	compiled by GNU C version 7.5.0  GMP version 6.1.2  MPFR version 4.0.1  MPC version 1.1.0  isl version isl-0.19-GMP]
  ignore line: []
  ignore line: [GGC heuristics: --param ggc-min-expand=100 --param ggc-min-heapsize=131072]
  ignore line: [Compiler executable checksum: b62ed4a2880cd4159476ea8293b72fa8]
  ignore line: [COLLECT_GCC_OPTIONS='-v' '-o' 'CMakeFiles/cmTC_2fb9d.dir/CMakeCCompilerABI.c.o' '-c' '-mtune=generic' '-march=x86-64']
  ignore line: [ as -v --64 -o CMakeFiles/cmTC_2fb9d.dir/CMakeCCompilerABI.c.o /tmp/ccmaV1Y1.s]
  ignore line: [GNU assembler version 2.30 (x86_64-linux-gnu) using BFD version (GNU Binutils for Ubuntu) 2.30]
  ignore line: [COMPILER_PATH=/usr/lib/gcc/x86_64-linux-gnu/7/:/usr/lib/gcc/x86_64-linux-gnu/7/:/usr/lib/gcc/x86_64-linux-gnu/:/usr/lib/gcc/x86_64-linux-gnu/7/:/usr/lib/gcc/x86_64-linux-gnu/]
  ignore line: [LIBRARY_PATH=/usr/lib/gcc/x86_64-linux-gnu/7/:/usr/lib/gcc/x86_64-linux-gnu/7/../../../x86_64-linux-gnu/:/usr/lib/gcc/x86_64-linux-gnu/7/../../../../lib/:/lib/x86_64-linux-gnu/:/lib/../lib/:/usr/lib/x86_64-linux-gnu/:/usr/lib/../lib/:/usr/lib/gcc/x86_64-linux-gnu/7/../../../:/lib/:/usr/lib/]
  ignore line: [COLLECT_GCC_OPTIONS='-v' '-o' 'CMakeFiles/cmTC_2fb9d.dir/CMakeCCompilerABI.c.o' '-c' '-mtune=generic' '-march=x86-64']
  ignore line: [Linking C executable cmTC_2fb9d]
  ignore line: [/snap/cmake/930/bin/cmake -E cmake_link_script CMakeFiles/cmTC_2fb9d.dir/link.txt --verbose=1]
  ignore line: [/usr/bin/cc  -v -rdynamic CMakeFiles/cmTC_2fb9d.dir/CMakeCCompilerABI.c.o -o cmTC_2fb9d ]
  ignore line: [Using built-in specs.]
  ignore line: [COLLECT_GCC=/usr/bin/cc]
  ignore line: [COLLECT_LTO_WRAPPER=/usr/lib/gcc/x86_64-linux-gnu/7/lto-wrapper]
  ignore line: [OFFLOAD_TARGET_NAMES=nvptx-none]
  ignore line: [OFFLOAD_TARGET_DEFAULT=1]
  ignore line: [Target: x86_64-linux-gnu]
  ignore line: [Configured with: ../src/configure -v --with-pkgversion='Ubuntu 7.5.0-3ubuntu1~18.04' --with-bugurl=file:///usr/share/doc/gcc-7/README.Bugs --enable-languages=c ada c++ go brig d fortran objc obj-c++ --prefix=/usr --with-gcc-major-version-only --program-suffix=-7 --program-prefix=x86_64-linux-gnu- --enable-shared --enable-linker-build-id --libexecdir=/usr/lib --without-included-gettext --enable-threads=posix --libdir=/usr/lib --enable-nls --enable-bootstrap --enable-clocale=gnu --enable-libstdcxx-debug --enable-libstdcxx-time=yes --with-default-libstdcxx-abi=new --enable-gnu-unique-object --disable-vtable-verify --enable-libmpx --enable-plugin --enable-default-pie --with-system-zlib --with-target-system-zlib --enable-objc-gc=auto --enable-multiarch --disable-werror --with-arch-32=i686 --with-abi=m64 --with-multilib-list=m32 m64 mx32 --enable-multilib --with-tune=generic --enable-offload-targets=nvptx-none --without-cuda-driver --enable-checking=release --build=x86_64-linux-gnu --host=x86_64-linux-gnu --target=x86_64-linux-gnu]
  ignore line: [Thread model: posix]
  ignore line: [gcc version 7.5.0 (Ubuntu 7.5.0-3ubuntu1~18.04) ]
  ignore line: [COMPILER_PATH=/usr/lib/gcc/x86_64-linux-gnu/7/:/usr/lib/gcc/x86_64-linux-gnu/7/:/usr/lib/gcc/x86_64-linux-gnu/:/usr/lib/gcc/x86_64-linux-gnu/7/:/usr/lib/gcc/x86_64-linux-gnu/]
  ignore line: [LIBRARY_PATH=/usr/lib/gcc/x86_64-linux-gnu/7/:/usr/lib/gcc/x86_64-linux-gnu/7/../../../x86_64-linux-gnu/:/usr/lib/gcc/x86_64-linux-gnu/7/../../../../lib/:/lib/x86_64-linux-gnu/:/lib/../lib/:/usr/lib/x86_64-linux-gnu/:/usr/lib/../lib/:/usr/lib/gcc/x86_64-linux-gnu/7/../../../:/lib/:/usr/lib/]
  ignore line: [COLLECT_GCC_OPTIONS='-v' '-rdynamic' '-o' 'cmTC_2fb9d' '-mtune=generic' '-march=x86-64']
  link line: [ /usr/lib/gcc/x86_64-linux-gnu/7/collect2 -plugin /usr/lib/gcc/x86_64-linux-gnu/7/liblto_plugin.so -plugin-opt=/usr/lib/gcc/x86_64-linux-gnu/7/lto-wrapper -plugin-opt=-fresolution=/tmp/ccfzxwY4.res -plugin-opt=-pass-through=-lgcc -plugin-opt=-pass-through=-lgcc_s -plugin-opt=-pass-through=-lc -plugin-opt=-pass-through=-lgcc -plugin-opt=-pass-through=-lgcc_s --build-id --eh-frame-hdr -m elf_x86_64 --hash-style=gnu --as-needed -export-dynamic -dynamic-linker /lib64/ld-linux-x86-64.so.2 -pie -z now -z relro -o cmTC_2fb9d /usr/lib/gcc/x86_64-linux-gnu/7/../../../x86_64-linux-gnu/Scrt1.o /usr/lib/gcc/x86_64-linux-gnu/7/../../../x86_64-linux-gnu/crti.o /usr/lib/gcc/x86_64-linux-gnu/7/crtbeginS.o -L/usr/lib/gcc/x86_64-linux-gnu/7 -L/usr/lib/gcc/x86_64-linux-gnu/7/../../../x86_64-linux-gnu -L/usr/lib/gcc/x86_64-linux-gnu/7/../../../../lib -L/lib/x86_64-linux-gnu -L/lib/../lib -L/usr/lib/x86_64-linux-gnu -L/usr/lib/../lib -L/usr/lib/gcc/x86_64-linux-gnu/7/../../.. CMakeFiles/cmTC_2fb9d.dir/CMakeCCompilerABI.c.o -lgcc --push-state --as-needed -lgcc_s --pop-state -lc -lgcc --push-state --as-needed -lgcc_s --pop-state /usr/lib/gcc/x86_64-linux-gnu/7/crtendS.o /usr/lib/gcc/x86_64-linux-gnu/7/../../../x86_64-linux-gnu/crtn.o]
    arg [/usr/lib/gcc/x86_64-linux-gnu/7/collect2] ==> ignore
    arg [-plugin] ==> ignore
    arg [/usr/lib/gcc/x86_64-linux-gnu/7/liblto_plugin.so] ==> ignore
    arg [-plugin-opt=/usr/lib/gcc/x86_64-linux-gnu/7/lto-wrapper] ==> ignore
    arg [-plugin-opt=-fresolution=/tmp/ccfzxwY4.res] ==> ignore
    arg [-plugin-opt=-pass-through=-lgcc] ==> ignore
    arg [-plugin-opt=-pass-through=-lgcc_s] ==> ignore
    arg [-plugin-opt=-pass-through=-lc] ==> ignore
    arg [-plugin-opt=-pass-through=-lgcc] ==> ignore
    arg [-plugin-opt=-pass-through=-lgcc_s] ==> ignore
    arg [--build-id] ==> ignore
    arg [--eh-frame-hdr] ==> ignore
    arg [-m] ==> ignore
    arg [elf_x86_64] ==> ignore
    arg [--hash-style=gnu] ==> ignore
    arg [--as-needed] ==> ignore
    arg [-export-dynamic] ==> ignore
    arg [-dynamic-linker] ==> ignore
    arg [/lib64/ld-linux-x86-64.so.2] ==> ignore
    arg [-pie] ==> ignore
    arg [-znow] ==> ignore
    arg [-zrelro] ==> ignore
    arg [-o] ==> ignore
    arg [cmTC_2fb9d] ==> ignore
    arg [/usr/lib/gcc/x86_64-linux-gnu/7/../../../x86_64-linux-gnu/Scrt1.o] ==> obj [/usr/lib/gcc/x86_64-linux-gnu/7/../../../x86_64-linux-gnu/Scrt1.o]
    arg [/usr/lib/gcc/x86_64-linux-gnu/7/../../../x86_64-linux-gnu/crti.o] ==> obj [/usr/lib/gcc/x86_64-linux-gnu/7/../../../x86_64-linux-gnu/crti.o]
    arg [/usr/lib/gcc/x86_64-linux-gnu/7/crtbeginS.o] ==> obj [/usr/lib/gcc/x86_64-linux-gnu/7/crtbeginS.o]
    arg [-L/usr/lib/gcc/x86_64-linux-gnu/7] ==> dir [/usr/lib/gcc/x86_64-linux-gnu/7]
    arg [-L/usr/lib/gcc/x86_64-linux-gnu/7/../../../x86_64-linux-gnu] ==> dir [/usr/lib/gcc/x86_64-linux-gnu/7/../../../x86_64-linux-gnu]
    arg [-L/usr/lib/gcc/x86_64-linux-gnu/7/../../../../lib] ==> dir [/usr/lib/gcc/x86_64-linux-gnu/7/../../../../lib]
    arg [-L/lib/x86_64-linux-gnu] ==> dir [/lib/x86_64-linux-gnu]
    arg [-L/lib/../lib] ==> dir [/lib/../lib]
    arg [-L/usr/lib/x86_64-linux-gnu] ==> dir [/usr/lib/x86_64-linux-gnu]
    arg [-L/usr/lib/../lib] ==> dir [/usr/lib/../lib]
    arg [-L/usr/lib/gcc/x86_64-linux-gnu/7/../../..] ==> dir [/usr/lib/gcc/x86_64-linux-gnu/7/../../..]
    arg [CMakeFiles/cmTC_2fb9d.dir/CMakeCCompilerABI.c.o] ==> ignore
    arg [-lgcc] ==> lib [gcc]
    arg [--push-state] ==> ignore
    arg [--as-needed] ==> ignore
    arg [-lgcc_s] ==> lib [gcc_s]
    arg [--pop-state] ==> ignore
    arg [-lc] ==> lib [c]
    arg [-lgcc] ==> lib [gcc]
    arg [--push-state] ==> ignore
    arg [--as-needed] ==> ignore
    arg [-lgcc_s] ==> lib [gcc_s]
    arg [--pop-state] ==> ignore
    arg [/usr/lib/gcc/x86_64-linux-gnu/7/crtendS.o] ==> obj [/usr/lib/gcc/x86_64-linux-gnu/7/crtendS.o]
    arg [/usr/lib/gcc/x86_64-linux-gnu/7/../../../x86_64-linux-gnu/crtn.o] ==> obj [/usr/lib/gcc/x86_64-linux-gnu/7/../../../x86_64-linux-gnu/crtn.o]
  collapse obj [/usr/lib/gcc/x86_64-linux-gnu/7/../../../x86_64-linux-gnu/Scrt1.o] ==> [/usr/lib/x86_64-linux-gnu/Scrt1.o]
  collapse obj [/usr/lib/gcc/x86_64-linux-gnu/7/../../../x86_64-linux-gnu/crti.o] ==> [/usr/lib/x86_64-linux-gnu/crti.o]
  collapse obj [/usr/lib/gcc/x86_64-linux-gnu/7/../../../x86_64-linux-gnu/crtn.o] ==> [/usr/lib/x86_64-linux-gnu/crtn.o]
  collapse library dir [/usr/lib/gcc/x86_64-linux-gnu/7] ==> [/usr/lib/gcc/x86_64-linux-gnu/7]
  collapse library dir [/usr/lib/gcc/x86_64-linux-gnu/7/../../../x86_64-linux-gnu] ==> [/usr/lib/x86_64-linux-gnu]
  collapse library dir [/usr/lib/gcc/x86_64-linux-gnu/7/../../../../lib] ==> [/usr/lib]
  collapse library dir [/lib/x86_64-linux-gnu] ==> [/lib/x86_64-linux-gnu]
  collapse library dir [/lib/../lib] ==> [/lib]
  collapse library dir [/usr/lib/x86_64-linux-gnu] ==> [/usr/lib/x86_64-linux-gnu]
  collapse library dir [/usr/lib/../lib] ==> [/usr/lib]
  collapse library dir [/usr/lib/gcc/x86_64-linux-gnu/7/../../..] ==> [/usr/lib]
  implicit libs: [gcc;gcc_s;c;gcc;gcc_s]
  implicit objs: [/usr/lib/x86_64-linux-gnu/Scrt1.o;/usr/lib/x86_64-linux-gnu/crti.o;/usr/lib/gcc/x86_64-linux-gnu/7/crtbeginS.o;/usr/lib/gcc/x86_64-linux-gnu/7/crtendS.o;/usr/lib/x86_64-linux-gnu/crtn.o]
  implicit dirs: [/usr/lib/gcc/x86_64-linux-gnu/7;/usr/lib/x86_64-linux-gnu;/usr/lib;/lib/x86_64-linux-gnu;/lib]
  implicit fwks: []


Performing C SOURCE FILE Test AWS_HAVE_GCC_OVERFLOW_MATH_EXTENSIONS succeeded with the following compile output:
Change Dir: /home/ubuntu/sdk/sdk_build/CMakeFiles/CMakeTmp

Run Build Command(s):/usr/bin/make -f Makefile cmTC_8cbc1/fast && /usr/bin/make  -f CMakeFiles/cmTC_8cbc1.dir/build.make CMakeFiles/cmTC_8cbc1.dir/build
make[1]: Entering directory '/home/ubuntu/sdk/sdk_build/CMakeFiles/CMakeTmp'
Building C object CMakeFiles/cmTC_8cbc1.dir/src.c.o
/usr/bin/cc -DAWS_HAVE_GCC_OVERFLOW_MATH_EXTENSIONS   -o CMakeFiles/cmTC_8cbc1.dir/src.c.o -c /home/ubuntu/sdk/sdk_build/CMakeFiles/CMakeTmp/src.c
Linking C executable cmTC_8cbc1
/snap/cmake/930/bin/cmake -E cmake_link_script CMakeFiles/cmTC_8cbc1.dir/link.txt --verbose=1
/usr/bin/cc -rdynamic CMakeFiles/cmTC_8cbc1.dir/src.c.o -o cmTC_8cbc1 
make[1]: Leaving directory '/home/ubuntu/sdk/sdk_build/CMakeFiles/CMakeTmp'


...and run output:

Return value: 1
Source file was:

    #include <stdbool.h>
    bool foo(int a, int b, int *c) {
        return __builtin_mul_overflow(a, b, c);
    }

    int main() {
        int out;
        if (foo(1, 2, &out)) {
            return 0;
        }

        return 0;
    }
Performing C SOURCE FILE Test AWS_ARCH_INTEL succeeded with the following output:
Change Dir: /home/ubuntu/sdk/sdk_build/CMakeFiles/CMakeTmp

Run Build Command(s):/usr/bin/make -f Makefile cmTC_7830e/fast && /usr/bin/make  -f CMakeFiles/cmTC_7830e.dir/build.make CMakeFiles/cmTC_7830e.dir/build
make[1]: Entering directory '/home/ubuntu/sdk/sdk_build/CMakeFiles/CMakeTmp'
Building C object CMakeFiles/cmTC_7830e.dir/src.c.o
/usr/bin/cc -DAWS_ARCH_INTEL   -o CMakeFiles/cmTC_7830e.dir/src.c.o -c /home/ubuntu/sdk/sdk_build/CMakeFiles/CMakeTmp/src.c
Linking C executable cmTC_7830e
/snap/cmake/930/bin/cmake -E cmake_link_script CMakeFiles/cmTC_7830e.dir/link.txt --verbose=1
/usr/bin/cc -rdynamic CMakeFiles/cmTC_7830e.dir/src.c.o -o cmTC_7830e 
make[1]: Leaving directory '/home/ubuntu/sdk/sdk_build/CMakeFiles/CMakeTmp'


Source file was:

    int main() {
#if !(defined(__x86_64__) || defined(__i386__) || defined(_M_X64) || defined(_M_IX86))
#    error "not intel"
#endif
        return 0;
    }

Performing C SOURCE FILE Test AWS_HAVE_GCC_INLINE_ASM succeeded with the following output:
Change Dir: /home/ubuntu/sdk/sdk_build/CMakeFiles/CMakeTmp

Run Build Command(s):/usr/bin/make -f Makefile cmTC_783ea/fast && /usr/bin/make  -f CMakeFiles/cmTC_783ea.dir/build.make CMakeFiles/cmTC_783ea.dir/build
make[1]: Entering directory '/home/ubuntu/sdk/sdk_build/CMakeFiles/CMakeTmp'
Building C object CMakeFiles/cmTC_783ea.dir/src.c.o
/usr/bin/cc -DAWS_HAVE_GCC_INLINE_ASM   -o CMakeFiles/cmTC_783ea.dir/src.c.o -c /home/ubuntu/sdk/sdk_build/CMakeFiles/CMakeTmp/src.c
Linking C executable cmTC_783ea
/snap/cmake/930/bin/cmake -E cmake_link_script CMakeFiles/cmTC_783ea.dir/link.txt --verbose=1
/usr/bin/cc -rdynamic CMakeFiles/cmTC_783ea.dir/src.c.o -o cmTC_783ea 
make[1]: Leaving directory '/home/ubuntu/sdk/sdk_build/CMakeFiles/CMakeTmp'


Source file was:

int main() {
    int foo = 42, bar = 24;
    __asm__ __volatile__("":"=r"(foo):"r"(bar):"memory");
}
Performing C SOURCE FILE Test AWS_HAVE_AUXV succeeded with the following output:
Change Dir: /home/ubuntu/sdk/sdk_build/CMakeFiles/CMakeTmp

Run Build Command(s):/usr/bin/make -f Makefile cmTC_3ff6d/fast && /usr/bin/make  -f CMakeFiles/cmTC_3ff6d.dir/build.make CMakeFiles/cmTC_3ff6d.dir/build
make[1]: Entering directory '/home/ubuntu/sdk/sdk_build/CMakeFiles/CMakeTmp'
Building C object CMakeFiles/cmTC_3ff6d.dir/src.c.o
/usr/bin/cc -DAWS_HAVE_AUXV   -o CMakeFiles/cmTC_3ff6d.dir/src.c.o -c /home/ubuntu/sdk/sdk_build/CMakeFiles/CMakeTmp/src.c
Linking C executable cmTC_3ff6d
/snap/cmake/930/bin/cmake -E cmake_link_script CMakeFiles/cmTC_3ff6d.dir/link.txt --verbose=1
/usr/bin/cc -rdynamic CMakeFiles/cmTC_3ff6d.dir/src.c.o -o cmTC_3ff6d 
make[1]: Leaving directory '/home/ubuntu/sdk/sdk_build/CMakeFiles/CMakeTmp'


Source file was:

#include <sys/auxv.h>
int main() {
#ifdef __linux__
    getauxval(AT_HWCAP);
    getauxval(AT_HWCAP2);
#endif
    return 0;
}
Performing C SOURCE FILE Test AWS_HAVE_EXECINFO succeeded with the following output:
Change Dir: /home/ubuntu/sdk/sdk_build/CMakeFiles/CMakeTmp

Run Build Command(s):/usr/bin/make -f Makefile cmTC_aa6b1/fast && /usr/bin/make  -f CMakeFiles/cmTC_aa6b1.dir/build.make CMakeFiles/cmTC_aa6b1.dir/build
make[1]: Entering directory '/home/ubuntu/sdk/sdk_build/CMakeFiles/CMakeTmp'
Building C object CMakeFiles/cmTC_aa6b1.dir/src.c.o
/usr/bin/cc -DAWS_HAVE_EXECINFO   -o CMakeFiles/cmTC_aa6b1.dir/src.c.o -c /home/ubuntu/sdk/sdk_build/CMakeFiles/CMakeTmp/src.c
Linking C executable cmTC_aa6b1
/snap/cmake/930/bin/cmake -E cmake_link_script CMakeFiles/cmTC_aa6b1.dir/link.txt --verbose=1
/usr/bin/cc -rdynamic CMakeFiles/cmTC_aa6b1.dir/src.c.o -o cmTC_aa6b1 
make[1]: Leaving directory '/home/ubuntu/sdk/sdk_build/CMakeFiles/CMakeTmp'


Source file was:

    #include <execinfo.h>
    int main() {
        return 0;
    }
Performing C SOURCE FILE Test HAVE_M_AVX2_FLAG succeeded with the following output:
Change Dir: /home/ubuntu/sdk/sdk_build/CMakeFiles/CMakeTmp

Run Build Command(s):/usr/bin/make -f Makefile cmTC_76685/fast && /usr/bin/make  -f CMakeFiles/cmTC_76685.dir/build.make CMakeFiles/cmTC_76685.dir/build
make[1]: Entering directory '/home/ubuntu/sdk/sdk_build/CMakeFiles/CMakeTmp'
Building C object CMakeFiles/cmTC_76685.dir/src.c.o
/usr/bin/cc -DHAVE_M_AVX2_FLAG  -mavx2 -o CMakeFiles/cmTC_76685.dir/src.c.o -c /home/ubuntu/sdk/sdk_build/CMakeFiles/CMakeTmp/src.c
Linking C executable cmTC_76685
/snap/cmake/930/bin/cmake -E cmake_link_script CMakeFiles/cmTC_76685.dir/link.txt --verbose=1
/usr/bin/cc -rdynamic CMakeFiles/cmTC_76685.dir/src.c.o -o cmTC_76685 
make[1]: Leaving directory '/home/ubuntu/sdk/sdk_build/CMakeFiles/CMakeTmp'


Source file was:
int main(void) { return 0; }
Performing C SOURCE FILE Test HAVE_AVX2_INTRINSICS succeeded with the following output:
Change Dir: /home/ubuntu/sdk/sdk_build/CMakeFiles/CMakeTmp

Run Build Command(s):/usr/bin/make -f Makefile cmTC_20979/fast && /usr/bin/make  -f CMakeFiles/cmTC_20979.dir/build.make CMakeFiles/cmTC_20979.dir/build
make[1]: Entering directory '/home/ubuntu/sdk/sdk_build/CMakeFiles/CMakeTmp'
Building C object CMakeFiles/cmTC_20979.dir/src.c.o
/usr/bin/cc -DHAVE_AVX2_INTRINSICS  -mavx -mavx2 -o CMakeFiles/cmTC_20979.dir/src.c.o -c /home/ubuntu/sdk/sdk_build/CMakeFiles/CMakeTmp/src.c
Linking C executable cmTC_20979
/snap/cmake/930/bin/cmake -E cmake_link_script CMakeFiles/cmTC_20979.dir/link.txt --verbose=1
/usr/bin/cc   -mavx -mavx2 -rdynamic CMakeFiles/cmTC_20979.dir/src.c.o -o cmTC_20979 
make[1]: Leaving directory '/home/ubuntu/sdk/sdk_build/CMakeFiles/CMakeTmp'


Source file was:

        #include <immintrin.h>
        #include <emmintrin.h>
        #include <string.h>

        int main() {
            __m256i vec;
            memset(&vec, 0, sizeof(vec));

            _mm256_shuffle_epi8(vec, vec);
            _mm256_set_epi32(1,2,3,4,5,6,7,8);
            _mm256_permutevar8x32_epi32(vec, vec);

            return 0;
        }
Performing C SOURCE FILE Test HAVE_MM256_EXTRACT_EPI64 succeeded with the following output:
Change Dir: /home/ubuntu/sdk/sdk_build/CMakeFiles/CMakeTmp

Run Build Command(s):/usr/bin/make -f Makefile cmTC_39c32/fast && /usr/bin/make  -f CMakeFiles/cmTC_39c32.dir/build.make CMakeFiles/cmTC_39c32.dir/build
make[1]: Entering directory '/home/ubuntu/sdk/sdk_build/CMakeFiles/CMakeTmp'
Building C object CMakeFiles/cmTC_39c32.dir/src.c.o
/usr/bin/cc -DHAVE_MM256_EXTRACT_EPI64  -mavx -mavx2 -o CMakeFiles/cmTC_39c32.dir/src.c.o -c /home/ubuntu/sdk/sdk_build/CMakeFiles/CMakeTmp/src.c
Linking C executable cmTC_39c32
/snap/cmake/930/bin/cmake -E cmake_link_script CMakeFiles/cmTC_39c32.dir/link.txt --verbose=1
/usr/bin/cc   -mavx -mavx2 -rdynamic CMakeFiles/cmTC_39c32.dir/src.c.o -o cmTC_39c32 
make[1]: Leaving directory '/home/ubuntu/sdk/sdk_build/CMakeFiles/CMakeTmp'


Source file was:

        #include <immintrin.h>
        #include <string.h>

        int main() {
            __m256i vec;
            memset(&vec, 0, sizeof(vec));
            return (int)_mm256_extract_epi64(vec, 2);
        }
Performing C SOURCE FILE Test HAS_FPIC_FLAG succeeded with the following output:
Change Dir: /home/ubuntu/sdk/sdk_build/CMakeFiles/CMakeTmp

Run Build Command(s):/usr/bin/make -f Makefile cmTC_c6354/fast && /usr/bin/make  -f CMakeFiles/cmTC_c6354.dir/build.make CMakeFiles/cmTC_c6354.dir/build
make[1]: Entering directory '/home/ubuntu/sdk/sdk_build/CMakeFiles/CMakeTmp'
Building C object CMakeFiles/cmTC_c6354.dir/src.c.o
/usr/bin/cc -DHAS_FPIC_FLAG  -fPIC -Werror -o CMakeFiles/cmTC_c6354.dir/src.c.o -c /home/ubuntu/sdk/sdk_build/CMakeFiles/CMakeTmp/src.c
Linking C executable cmTC_c6354
/snap/cmake/930/bin/cmake -E cmake_link_script CMakeFiles/cmTC_c6354.dir/link.txt --verbose=1
/usr/bin/cc -rdynamic CMakeFiles/cmTC_c6354.dir/src.c.o -o cmTC_c6354 
make[1]: Leaving directory '/home/ubuntu/sdk/sdk_build/CMakeFiles/CMakeTmp'


Source file was:
int main(void) { return 0; }
Performing C SOURCE FILE Test HAS_64BIT_FILE_OFFSET_BY_DEFAULT succeeded with the following output:
Change Dir: /home/ubuntu/sdk/sdk_build/CMakeFiles/CMakeTmp

Run Build Command(s):/usr/bin/make -f Makefile cmTC_81dc2/fast && /usr/bin/make  -f CMakeFiles/cmTC_81dc2.dir/build.make CMakeFiles/cmTC_81dc2.dir/build
make[1]: Entering directory '/home/ubuntu/sdk/sdk_build/CMakeFiles/CMakeTmp'
Building C object CMakeFiles/cmTC_81dc2.dir/src.c.o
/usr/bin/cc -DHAS_64BIT_FILE_OFFSET_BY_DEFAULT   -o CMakeFiles/cmTC_81dc2.dir/src.c.o -c /home/ubuntu/sdk/sdk_build/CMakeFiles/CMakeTmp/src.c
Linking C executable cmTC_81dc2
/snap/cmake/930/bin/cmake -E cmake_link_script CMakeFiles/cmTC_81dc2.dir/link.txt --verbose=1
/usr/bin/cc -rdynamic CMakeFiles/cmTC_81dc2.dir/src.c.o -o cmTC_81dc2 
make[1]: Leaving directory '/home/ubuntu/sdk/sdk_build/CMakeFiles/CMakeTmp'


Source file was:

        #include <stdio.h>

        /* fails to compile if off_t smaller than 64bits */
        typedef char array[sizeof(off_t) >= 8 ? 1 : -1];

        int main() {
            return 0;
        }
Determining if the fseeko exist passed with the following output:
Change Dir: /home/ubuntu/sdk/sdk_build/CMakeFiles/CMakeTmp

Run Build Command(s):/usr/bin/make -f Makefile cmTC_fe454/fast && /usr/bin/make  -f CMakeFiles/cmTC_fe454.dir/build.make CMakeFiles/cmTC_fe454.dir/build
make[1]: Entering directory '/home/ubuntu/sdk/sdk_build/CMakeFiles/CMakeTmp'
Building C object CMakeFiles/cmTC_fe454.dir/CheckSymbolExists.c.o
/usr/bin/cc    -o CMakeFiles/cmTC_fe454.dir/CheckSymbolExists.c.o -c /home/ubuntu/sdk/sdk_build/CMakeFiles/CMakeTmp/CheckSymbolExists.c
Linking C executable cmTC_fe454
/snap/cmake/930/bin/cmake -E cmake_link_script CMakeFiles/cmTC_fe454.dir/link.txt --verbose=1
/usr/bin/cc -rdynamic CMakeFiles/cmTC_fe454.dir/CheckSymbolExists.c.o -o cmTC_fe454 
make[1]: Leaving directory '/home/ubuntu/sdk/sdk_build/CMakeFiles/CMakeTmp'


File /home/ubuntu/sdk/sdk_build/CMakeFiles/CMakeTmp/CheckSymbolExists.c:
/* */
#include <stdio.h>

int main(int argc, char** argv)
{
  (void)argv;
#ifndef fseeko
  return ((int*)(&fseeko))[argc];
#else
  (void)argc;
  return 0;
#endif
}
Determining if the include file stdint.h exists passed with the following output:
Change Dir: /home/ubuntu/sdk/sdk_build/CMakeFiles/CMakeTmp

Run Build Command(s):/usr/bin/make -f Makefile cmTC_c33a0/fast && /usr/bin/make  -f CMakeFiles/cmTC_c33a0.dir/build.make CMakeFiles/cmTC_c33a0.dir/build
make[1]: Entering directory '/home/ubuntu/sdk/sdk_build/CMakeFiles/CMakeTmp'
Building C object CMakeFiles/cmTC_c33a0.dir/CheckIncludeFile.c.o
/usr/bin/cc    -o CMakeFiles/cmTC_c33a0.dir/CheckIncludeFile.c.o -c /home/ubuntu/sdk/sdk_build/CMakeFiles/CMakeTmp/CheckIncludeFile.c
Linking C executable cmTC_c33a0
/snap/cmake/930/bin/cmake -E cmake_link_script CMakeFiles/cmTC_c33a0.dir/link.txt --verbose=1
/usr/bin/cc -rdynamic CMakeFiles/cmTC_c33a0.dir/CheckIncludeFile.c.o -o cmTC_c33a0 
make[1]: Leaving directory '/home/ubuntu/sdk/sdk_build/CMakeFiles/CMakeTmp'



Determining if the include file stdbool.h exists passed with the following output:
Change Dir: /home/ubuntu/sdk/sdk_build/CMakeFiles/CMakeTmp

Run Build Command(s):/usr/bin/make -f Makefile cmTC_c2e26/fast && /usr/bin/make  -f CMakeFiles/cmTC_c2e26.dir/build.make CMakeFiles/cmTC_c2e26.dir/build
make[1]: Entering directory '/home/ubuntu/sdk/sdk_build/CMakeFiles/CMakeTmp'
Building C object CMakeFiles/cmTC_c2e26.dir/CheckIncludeFile.c.o
/usr/bin/cc    -o CMakeFiles/cmTC_c2e26.dir/CheckIncludeFile.c.o -c /home/ubuntu/sdk/sdk_build/CMakeFiles/CMakeTmp/CheckIncludeFile.c
Linking C executable cmTC_c2e26
/snap/cmake/930/bin/cmake -E cmake_link_script CMakeFiles/cmTC_c2e26.dir/link.txt --verbose=1
/usr/bin/cc -rdynamic CMakeFiles/cmTC_c2e26.dir/CheckIncludeFile.c.o -o cmTC_c2e26 
make[1]: Leaving directory '/home/ubuntu/sdk/sdk_build/CMakeFiles/CMakeTmp'



Performing C SOURCE FILE Test HAVE_SYSCONF succeeded with the following output:
Change Dir: /home/ubuntu/sdk/sdk_build/CMakeFiles/CMakeTmp

Run Build Command(s):/usr/bin/make -f Makefile cmTC_fc172/fast && /usr/bin/make  -f CMakeFiles/cmTC_fc172.dir/build.make CMakeFiles/cmTC_fc172.dir/build
make[1]: Entering directory '/home/ubuntu/sdk/sdk_build/CMakeFiles/CMakeTmp'
Building C object CMakeFiles/cmTC_fc172.dir/src.c.o
/usr/bin/cc -DHAVE_SYSCONF   -o CMakeFiles/cmTC_fc172.dir/src.c.o -c /home/ubuntu/sdk/sdk_build/CMakeFiles/CMakeTmp/src.c
Linking C executable cmTC_fc172
/snap/cmake/930/bin/cmake -E cmake_link_script CMakeFiles/cmTC_fc172.dir/link.txt --verbose=1
/usr/bin/cc -rdynamic CMakeFiles/cmTC_fc172.dir/src.c.o -o cmTC_fc172 
make[1]: Leaving directory '/home/ubuntu/sdk/sdk_build/CMakeFiles/CMakeTmp'


Source file was:

    #include <unistd.h>
    int main() {
      sysconf(_SC_NPROCESSORS_ONLN);
    }
Determining if the pthread_attr_setaffinity_np exist passed with the following output:
Change Dir: /home/ubuntu/sdk/sdk_build/CMakeFiles/CMakeTmp

Run Build Command(s):/usr/bin/make -f Makefile cmTC_df9f9/fast && /usr/bin/make  -f CMakeFiles/cmTC_df9f9.dir/build.make CMakeFiles/cmTC_df9f9.dir/build
make[1]: Entering directory '/home/ubuntu/sdk/sdk_build/CMakeFiles/CMakeTmp'
Building C object CMakeFiles/cmTC_df9f9.dir/CheckSymbolExists.c.o
/usr/bin/cc -D_GNU_SOURCE   -o CMakeFiles/cmTC_df9f9.dir/CheckSymbolExists.c.o -c /home/ubuntu/sdk/sdk_build/CMakeFiles/CMakeTmp/CheckSymbolExists.c
Linking C executable cmTC_df9f9
/snap/cmake/930/bin/cmake -E cmake_link_script CMakeFiles/cmTC_df9f9.dir/link.txt --verbose=1
/usr/bin/cc -rdynamic CMakeFiles/cmTC_df9f9.dir/CheckSymbolExists.c.o -o cmTC_df9f9  -lpthread 
make[1]: Leaving directory '/home/ubuntu/sdk/sdk_build/CMakeFiles/CMakeTmp'


File /home/ubuntu/sdk/sdk_build/CMakeFiles/CMakeTmp/CheckSymbolExists.c:
/* */
#include <pthread.h>

int main(int argc, char** argv)
{
  (void)argv;
#ifndef pthread_attr_setaffinity_np
  return ((int*)(&pthread_attr_setaffinity_np))[argc];
#else
  (void)argc;
  return 0;
#endif
}
Checking whether the ASM compiler is GNU using "--version" matched "(GNU assembler)|(GCC)|(Free Software Foundation)":
cc (Ubuntu 7.5.0-3ubuntu1~18.04) 7.5.0
Copyright (C) 2017 Free Software Foundation, Inc.
This is free software; see the source for copying conditions.  There is NO
warranty; not even for MERCHANTABILITY or FITNESS FOR A PARTICULAR PURPOSE.

Determining if the pathconf exist passed with the following output:
Change Dir: /home/ubuntu/sdk/sdk_build/CMakeFiles/CMakeTmp

Run Build Command(s):/usr/bin/make -f Makefile cmTC_a7a82/fast && /usr/bin/make  -f CMakeFiles/cmTC_a7a82.dir/build.make CMakeFiles/cmTC_a7a82.dir/build
make[1]: Entering directory '/home/ubuntu/sdk/sdk_build/CMakeFiles/CMakeTmp'
Building CXX object CMakeFiles/cmTC_a7a82.dir/CheckSymbolExists.cxx.o
/usr/bin/c++    -o CMakeFiles/cmTC_a7a82.dir/CheckSymbolExists.cxx.o -c /home/ubuntu/sdk/sdk_build/CMakeFiles/CMakeTmp/CheckSymbolExists.cxx
Linking CXX executable cmTC_a7a82
/snap/cmake/930/bin/cmake -E cmake_link_script CMakeFiles/cmTC_a7a82.dir/link.txt --verbose=1
/usr/bin/c++ -rdynamic CMakeFiles/cmTC_a7a82.dir/CheckSymbolExists.cxx.o -o cmTC_a7a82 
make[1]: Leaving directory '/home/ubuntu/sdk/sdk_build/CMakeFiles/CMakeTmp'


File /home/ubuntu/sdk/sdk_build/CMakeFiles/CMakeTmp/CheckSymbolExists.cxx:
/* */
#include <unistd.h>

int main(int argc, char** argv)
{
  (void)argv;
#ifndef pathconf
  return ((int*)(&pathconf))[argc];
#else
  (void)argc;
  return 0;
#endif
}
Determining if the umask exist passed with the following output:
Change Dir: /home/ubuntu/sdk/sdk_build/CMakeFiles/CMakeTmp

Run Build Command(s):/usr/bin/make -f Makefile cmTC_e1691/fast && /usr/bin/make  -f CMakeFiles/cmTC_e1691.dir/build.make CMakeFiles/cmTC_e1691.dir/build
make[1]: Entering directory '/home/ubuntu/sdk/sdk_build/CMakeFiles/CMakeTmp'
Building CXX object CMakeFiles/cmTC_e1691.dir/CheckSymbolExists.cxx.o
/usr/bin/c++    -o CMakeFiles/cmTC_e1691.dir/CheckSymbolExists.cxx.o -c /home/ubuntu/sdk/sdk_build/CMakeFiles/CMakeTmp/CheckSymbolExists.cxx
Linking CXX executable cmTC_e1691
/snap/cmake/930/bin/cmake -E cmake_link_script CMakeFiles/cmTC_e1691.dir/link.txt --verbose=1
/usr/bin/c++ -rdynamic CMakeFiles/cmTC_e1691.dir/CheckSymbolExists.cxx.o -o cmTC_e1691 
make[1]: Leaving directory '/home/ubuntu/sdk/sdk_build/CMakeFiles/CMakeTmp'


File /home/ubuntu/sdk/sdk_build/CMakeFiles/CMakeTmp/CheckSymbolExists.cxx:
/* */
#include <sys/stat.h>

int main(int argc, char** argv)
{
  (void)argv;
#ifndef umask
  return ((int*)(&umask))[argc];
#else
  (void)argc;
  return 0;
#endif
}
Performing C SOURCE FILE Test CURL_HAS_H2 succeeded with the following compile output:
Change Dir: /home/ubuntu/sdk/sdk_build/CMakeFiles/CMakeTmp

Run Build Command(s):/usr/bin/make -f Makefile cmTC_a40d3/fast && /usr/bin/make  -f CMakeFiles/cmTC_a40d3.dir/build.make CMakeFiles/cmTC_a40d3.dir/build
make[1]: Entering directory '/home/ubuntu/sdk/sdk_build/CMakeFiles/CMakeTmp'
Building C object CMakeFiles/cmTC_a40d3.dir/src.c.o
/usr/bin/cc -DCURL_HAS_H2   -o CMakeFiles/cmTC_a40d3.dir/src.c.o -c /home/ubuntu/sdk/sdk_build/CMakeFiles/CMakeTmp/src.c
Linking C executable cmTC_a40d3
/snap/cmake/930/bin/cmake -E cmake_link_script CMakeFiles/cmTC_a40d3.dir/link.txt --verbose=1
/usr/bin/cc -rdynamic CMakeFiles/cmTC_a40d3.dir/src.c.o -o cmTC_a40d3  /usr/lib/x86_64-linux-gnu/libcurl.so 
make[1]: Leaving directory '/home/ubuntu/sdk/sdk_build/CMakeFiles/CMakeTmp'


...and run output:

Return value: 1
Source file was:

    #include <curl/curl.h>
    int main() {
    CURL* handle = curl_easy_init();
    return curl_easy_setopt(handle, CURLOPT_HTTP_VERSION, CURL_HTTP_VERSION_2_0); }
Performing C SOURCE FILE Test CURL_HAS_TLS_PROXY succeeded with the following compile output:
Change Dir: /home/ubuntu/sdk/sdk_build/CMakeFiles/CMakeTmp

Run Build Command(s):/usr/bin/make -f Makefile cmTC_38fe7/fast && /usr/bin/make  -f CMakeFiles/cmTC_38fe7.dir/build.make CMakeFiles/cmTC_38fe7.dir/build
make[1]: Entering directory '/home/ubuntu/sdk/sdk_build/CMakeFiles/CMakeTmp'
Building C object CMakeFiles/cmTC_38fe7.dir/src.c.o
/usr/bin/cc -DCURL_HAS_TLS_PROXY   -o CMakeFiles/cmTC_38fe7.dir/src.c.o -c /home/ubuntu/sdk/sdk_build/CMakeFiles/CMakeTmp/src.c
Linking C executable cmTC_38fe7
/snap/cmake/930/bin/cmake -E cmake_link_script CMakeFiles/cmTC_38fe7.dir/link.txt --verbose=1
/usr/bin/cc -rdynamic CMakeFiles/cmTC_38fe7.dir/src.c.o -o cmTC_38fe7  /usr/lib/x86_64-linux-gnu/libcurl.so 
make[1]: Leaving directory '/home/ubuntu/sdk/sdk_build/CMakeFiles/CMakeTmp'


...and run output:

Return value: 1
Source file was:

    #include <curl/curl.h>
    int main() {
    CURL* handle = curl_easy_init();
    return curl_easy_setopt(handle, CURLOPT_PROXY_SSLCERT, "client.pem"); }
